[INFO] Scanning for projects...
[INFO] 
[INFO] ----------------------------< com:backend >-----------------------------
[INFO] Building backend 0.0.1-SNAPSHOT
[INFO]   from pom.xml
[INFO] --------------------------------[ jar ]---------------------------------
[INFO] 
[INFO] >>> spring-boot:3.4.3:run (default-cli) > test-compile @ backend >>>
[INFO] 
[INFO] --- resources:3.3.1:resources (default-resources) @ backend ---
[INFO] Copying 1 resource from src\main\resources to target\classes
[INFO] Copying 0 resource from src\main\resources to target\classes
[INFO] 
[INFO] --- compiler:3.13.0:compile (default-compile) @ backend ---
[INFO] Nothing to compile - all classes are up to date.
[INFO] 
[INFO] --- resources:3.3.1:testResources (default-testResources) @ backend ---
[INFO] skip non existing resourceDirectory C:\Users\Beyza\Desktop\FinalStack-BIL495-496\backend\src\test\resources
[INFO] 
[INFO] --- compiler:3.13.0:testCompile (default-testCompile) @ backend ---
[INFO] No sources to compile
[INFO] 
[INFO] <<< spring-boot:3.4.3:run (default-cli) < test-compile @ backend <<<
[INFO] 
[INFO] 
[INFO] --- spring-boot:3.4.3:run (default-cli) @ backend ---
[INFO] Attaching agents: []

  .   ____          _            __ _ _
 /\\ / ___'_ __ _ _(_)_ __  __ _ \ \ \ \
( ( )\___ | '_ | '_| | '_ \/ _` | \ \ \ \
 \\/  ___)| |_)| | | | | || (_| |  ) ) ) )
  '  |____| .__|_| |_|_| |_\__, | / / / /
 =========|_|==============|___/=/_/_/_/

 :: Spring Boot ::                (v3.4.3)

2026-04-17T22:46:48.722+03:00  INFO 11232 --- [backend] [           main] com.backend.BackendApplication           : Starting BackendApplication using Java 21.0.10 with PID 11232 (C:\Users\Beyza\Desktop\FinalStack-BIL495-496\backend\target\classes started by Beyza in C:\Users\Beyza\Desktop\FinalStack-BIL495-496\backend)
2026-04-17T22:46:48.730+03:00  INFO 11232 --- [backend] [           main] com.backend.BackendApplication           : No active profile set, falling back to 1 default profile: "default"
2026-04-17T22:46:49.660+03:00  INFO 11232 --- [backend] [           main] .s.d.r.c.RepositoryConfigurationDelegate : Bootstrapping Spring Data JPA repositories in DEFAULT mode.
2026-04-17T22:46:49.826+03:00  INFO 11232 --- [backend] [           main] .s.d.r.c.RepositoryConfigurationDelegate : Finished Spring Data repository scanning in 154 ms. Found 12 JPA repository interfaces.
2026-04-17T22:46:50.720+03:00  INFO 11232 --- [backend] [           main] o.s.b.w.embedded.tomcat.TomcatWebServer  : Tomcat initialized with port 8080 (http)
2026-04-17T22:46:50.738+03:00  INFO 11232 --- [backend] [           main] o.apache.catalina.core.StandardService   : Starting service [Tomcat]
2026-04-17T22:46:50.738+03:00  INFO 11232 --- [backend] [           main] o.apache.catalina.core.StandardEngine    : Starting Servlet engine: [Apache Tomcat/10.1.36]
2026-04-17T22:46:50.818+03:00  INFO 11232 --- [backend] [           main] o.a.c.c.C.[Tomcat].[localhost].[/]       : Initializing Spring embedded WebApplicationContext
2026-04-17T22:46:50.818+03:00  INFO 11232 --- [backend] [           main] w.s.c.ServletWebServerApplicationContext : Root WebApplicationContext: initialization completed in 2023 ms
2026-04-17T22:46:50.976+03:00  INFO 11232 --- [backend] [           main] o.hibernate.jpa.internal.util.LogHelper  : HHH000204: Processing PersistenceUnitInfo [name: default]
2026-04-17T22:46:51.040+03:00  INFO 11232 --- [backend] [           main] org.hibernate.Version                    : HHH000412: Hibernate ORM core version 6.6.8.Final
2026-04-17T22:46:51.089+03:00  INFO 11232 --- [backend] [           main] o.h.c.internal.RegionFactoryInitiator    : HHH000026: Second-level cache disabled
2026-04-17T22:46:51.409+03:00  INFO 11232 --- [backend] [           main] o.s.o.j.p.SpringPersistenceUnitInfo      : No LoadTimeWeaver setup: ignoring JPA class transformer
2026-04-17T22:46:51.440+03:00  INFO 11232 --- [backend] [           main] com.zaxxer.hikari.HikariDataSource       : HikariPool-1 - Starting...
2026-04-17T22:46:52.085+03:00  INFO 11232 --- [backend] [           main] com.zaxxer.hikari.pool.HikariPool        : HikariPool-1 - Added connection org.postgresql.jdbc.PgConnection@50df37eb
2026-04-17T22:46:52.088+03:00  INFO 11232 --- [backend] [           main] com.zaxxer.hikari.HikariDataSource       : HikariPool-1 - Start completed.
2026-04-17T22:46:52.164+03:00  WARN 11232 --- [backend] [           main] org.hibernate.orm.deprecation            : HHH90000025: PostgreSQLDialect does not need to be specified explicitly using 'hibernate.dialect' (remove the property setting and it will be selected by default)
2026-04-17T22:46:52.188+03:00  INFO 11232 --- [backend] [           main] org.hibernate.orm.connections.pooling    : HHH10001005: Database info:
	Database JDBC URL [Connecting through datasource 'HikariDataSource (HikariPool-1)']
	Database driver: undefined/unknown
	Database version: 16.13
	Autocommit mode: undefined/unknown
	Isolation level: undefined/unknown
	Minimum pool size: undefined/unknown
	Maximum pool size: undefined/unknown
2026-04-17T22:46:55.456+03:00  INFO 11232 --- [backend] [           main] o.h.e.t.j.p.i.JtaPlatformInitiator       : HHH000489: No JTA platform available (set 'hibernate.transaction.jta.platform' to enable JTA platform integration)
2026-04-17T22:46:57.372+03:00  INFO 11232 --- [backend] [           main] j.LocalContainerEntityManagerFactoryBean : Initialized JPA EntityManagerFactory for persistence unit 'default'
2026-04-17T22:46:58.394+03:00  INFO 11232 --- [backend] [           main] o.s.b.w.embedded.tomcat.TomcatWebServer  : Tomcat started on port 8080 (http) with context path '/'
2026-04-17T22:46:58.445+03:00  WARN 11232 --- [backend] [           main] JpaBaseConfiguration$JpaWebConfiguration : spring.jpa.open-in-view is enabled by default. Therefore, database queries may be performed during view rendering. Explicitly configure spring.jpa.open-in-view to disable this warning
2026-04-17T22:46:58.664+03:00  INFO 11232 --- [backend] [           main] com.backend.BackendApplication           : Started BackendApplication in 10.53 seconds (process running for 11.045)
2026-04-17T22:47:20.755+03:00  INFO 11232 --- [backend] [nio-8080-exec-1] o.a.c.c.C.[Tomcat].[localhost].[/]       : Initializing Spring DispatcherServlet 'dispatcherServlet'
2026-04-17T22:47:20.764+03:00  INFO 11232 --- [backend] [nio-8080-exec-1] o.s.web.servlet.DispatcherServlet        : Initializing Servlet 'dispatcherServlet'
2026-04-17T22:47:20.923+03:00  INFO 11232 --- [backend] [nio-8080-exec-1] o.s.web.servlet.DispatcherServlet        : Completed initialization in 159 ms
2026-04-17T22:47:20.987+03:00  INFO 11232 --- [backend] [nio-8080-exec-1] eAuthenticationProviderManagerConfigurer : Global AuthenticationManager configured with AuthenticationProvider bean with name authenticationProvider
2026-04-17T22:47:20.987+03:00  WARN 11232 --- [backend] [nio-8080-exec-1] r$InitializeUserDetailsManagerConfigurer : Global AuthenticationManager configured with an AuthenticationProvider bean. UserDetailsService beans will not be used by Spring Security for automatically configuring username/password login. Consider removing the AuthenticationProvider bean. Alternatively, consider using the UserDetailsService in a manually instantiated DaoAuthenticationProvider. If the current configuration is intentional, to turn off this warning, increase the logging level of 'org.springframework.security.config.annotation.authentication.configuration.InitializeUserDetailsBeanManagerConfigurer' to ERROR
Hibernate: select u1_0.id,u1_0.create_time,u1_0.email,u1_0.enabled,u1_0.first_name,u1_0.hashed_salted_password,u1_0.last_name,u1_0.phone_number,u1_0.role,u1_0.update_time,u1_0.user_name from users u1_0 where u1_0.user_name=?
Hibernate: select adt1_0.user_id,adt1_0.data_type from user_allowed_data_types adt1_0 where adt1_0.user_id=?
Hibernate: select u1_0.id,u1_0.create_time,u1_0.email,u1_0.enabled,u1_0.first_name,u1_0.hashed_salted_password,u1_0.last_name,u1_0.phone_number,u1_0.role,u1_0.update_time,u1_0.user_name from users u1_0 where u1_0.user_name=?
Hibernate: select u1_0.id,u1_0.create_time,u1_0.email,u1_0.enabled,u1_0.first_name,u1_0.hashed_salted_password,u1_0.last_name,u1_0.phone_number,u1_0.role,u1_0.update_time,u1_0.user_name from users u1_0 where u1_0.user_name=?
Hibernate: select adt1_0.user_id,adt1_0.data_type from user_allowed_data_types adt1_0 where adt1_0.user_id=?
Hibernate: select u1_0.id,u1_0.create_time,u1_0.email,u1_0.enabled,u1_0.first_name,u1_0.hashed_salted_password,u1_0.last_name,u1_0.phone_number,u1_0.role,u1_0.update_time,u1_0.user_name from users u1_0 where u1_0.user_name=?
Hibernate: select adt1_0.user_id,adt1_0.data_type from user_allowed_data_types adt1_0 where adt1_0.user_id=?
Hibernate: select u1_0.id,u1_0.create_time,u1_0.email,u1_0.enabled,u1_0.first_name,u1_0.hashed_salted_password,u1_0.last_name,u1_0.phone_number,u1_0.role,u1_0.update_time,u1_0.user_name from users u1_0 where u1_0.user_name=?
Hibernate: select adt1_0.user_id,adt1_0.data_type from user_allowed_data_types adt1_0 where adt1_0.user_id=?
Hibernate: select u1_0.id,u1_0.create_time,u1_0.email,u1_0.enabled,u1_0.first_name,u1_0.hashed_salted_password,u1_0.last_name,u1_0.phone_number,u1_0.role,u1_0.update_time,u1_0.user_name from users u1_0 where u1_0.user_name=?
Hibernate: select adt1_0.user_id,adt1_0.data_type from user_allowed_data_types adt1_0 where adt1_0.user_id=?
Hibernate: select u1_0.id,u1_0.create_time,u1_0.email,u1_0.enabled,u1_0.first_name,u1_0.hashed_salted_password,u1_0.last_name,u1_0.phone_number,u1_0.role,u1_0.update_time,u1_0.user_name from users u1_0 where u1_0.user_name=?
Hibernate: select adt1_0.user_id,adt1_0.data_type from user_allowed_data_types adt1_0 where adt1_0.user_id=?
Hibernate: select u1_0.id,u1_0.create_time,u1_0.email,u1_0.enabled,u1_0.first_name,u1_0.hashed_salted_password,u1_0.last_name,u1_0.phone_number,u1_0.role,u1_0.update_time,u1_0.user_name from users u1_0 where u1_0.user_name=?
Hibernate: select adt1_0.user_id,adt1_0.data_type from user_allowed_data_types adt1_0 where adt1_0.user_id=?
Hibernate: select u1_0.id,u1_0.create_time,u1_0.email,u1_0.enabled,u1_0.first_name,u1_0.hashed_salted_password,u1_0.last_name,u1_0.phone_number,u1_0.role,u1_0.update_time,u1_0.user_name from users u1_0 where u1_0.user_name=?
Hibernate: select adt1_0.user_id,adt1_0.data_type from user_allowed_data_types adt1_0 where adt1_0.user_id=?
Hibernate: select u1_0.id,u1_0.create_time,u1_0.email,u1_0.enabled,u1_0.first_name,u1_0.hashed_salted_password,u1_0.last_name,u1_0.phone_number,u1_0.role,u1_0.update_time,u1_0.user_name from users u1_0 where u1_0.user_name=?
Hibernate: select adt1_0.user_id,adt1_0.data_type from user_allowed_data_types adt1_0 where adt1_0.user_id=?
Hibernate: select u1_0.id,u1_0.create_time,u1_0.email,u1_0.enabled,u1_0.first_name,u1_0.hashed_salted_password,u1_0.last_name,u1_0.phone_number,u1_0.role,u1_0.update_time,u1_0.user_name from users u1_0 where u1_0.user_name=?
Hibernate: select adt1_0.user_id,adt1_0.data_type from user_allowed_data_types adt1_0 where adt1_0.user_id=?
Hibernate: select u1_0.id,u1_0.create_time,u1_0.email,u1_0.enabled,u1_0.first_name,u1_0.hashed_salted_password,u1_0.last_name,u1_0.phone_number,u1_0.role,u1_0.update_time,u1_0.user_name from users u1_0 where u1_0.user_name=?
Hibernate: select adt1_0.user_id,adt1_0.data_type from user_allowed_data_types adt1_0 where adt1_0.user_id=?
Hibernate: select u1_0.id,u1_0.create_time,u1_0.email,u1_0.enabled,u1_0.first_name,u1_0.hashed_salted_password,u1_0.last_name,u1_0.phone_number,u1_0.role,u1_0.update_time,u1_0.user_name from users u1_0 where u1_0.user_name=?
Hibernate: select u1_0.id,u1_0.create_time,u1_0.email,u1_0.enabled,u1_0.first_name,u1_0.hashed_salted_password,u1_0.last_name,u1_0.phone_number,u1_0.role,u1_0.update_time,u1_0.user_name from users u1_0 where u1_0.user_name=?
Hibernate: select adt1_0.user_id,adt1_0.data_type from user_allowed_data_types adt1_0 where adt1_0.user_id=?
Hibernate: select u1_0.id,u1_0.create_time,u1_0.email,u1_0.enabled,u1_0.first_name,u1_0.hashed_salted_password,u1_0.last_name,u1_0.phone_number,u1_0.role,u1_0.update_time,u1_0.user_name from users u1_0 where u1_0.user_name=?
Hibernate: select u1_0.id,u1_0.create_time,u1_0.email,u1_0.enabled,u1_0.first_name,u1_0.hashed_salted_password,u1_0.last_name,u1_0.phone_number,u1_0.role,u1_0.update_time,u1_0.user_name from users u1_0 where u1_0.user_name=?
Hibernate: select adt1_0.user_id,adt1_0.data_type from user_allowed_data_types adt1_0 where adt1_0.user_id=?
Hibernate: select u1_0.id,u1_0.create_time,u1_0.email,u1_0.enabled,u1_0.first_name,u1_0.hashed_salted_password,u1_0.last_name,u1_0.phone_number,u1_0.role,u1_0.update_time,u1_0.user_name from users u1_0 where u1_0.user_name=?
Hibernate: select u1_0.id,u1_0.create_time,u1_0.email,u1_0.enabled,u1_0.first_name,u1_0.hashed_salted_password,u1_0.last_name,u1_0.phone_number,u1_0.role,u1_0.update_time,u1_0.user_name from users u1_0 where u1_0.user_name=?
Hibernate: select adt1_0.user_id,adt1_0.data_type from user_allowed_data_types adt1_0 where adt1_0.user_id=?
Hibernate: select u1_0.id,u1_0.create_time,u1_0.email,u1_0.enabled,u1_0.first_name,u1_0.hashed_salted_password,u1_0.last_name,u1_0.phone_number,u1_0.role,u1_0.update_time,u1_0.user_name from users u1_0 where u1_0.user_name=?
Hibernate: select adt1_0.user_id,adt1_0.data_type from user_allowed_data_types adt1_0 where adt1_0.user_id=?
Hibernate: select u1_0.id,u1_0.create_time,u1_0.email,u1_0.enabled,u1_0.first_name,u1_0.hashed_salted_password,u1_0.last_name,u1_0.phone_number,u1_0.role,u1_0.update_time,u1_0.user_name from users u1_0 where u1_0.user_name=?
Hibernate: select adt1_0.user_id,adt1_0.data_type from user_allowed_data_types adt1_0 where adt1_0.user_id=?
Hibernate: select u1_0.id,u1_0.create_time,u1_0.email,u1_0.enabled,u1_0.first_name,u1_0.hashed_salted_password,u1_0.last_name,u1_0.phone_number,u1_0.role,u1_0.update_time,u1_0.user_name from users u1_0 where u1_0.user_name=?
Hibernate: select u1_0.id,u1_0.create_time,u1_0.email,u1_0.enabled,u1_0.first_name,u1_0.hashed_salted_password,u1_0.last_name,u1_0.phone_number,u1_0.role,u1_0.update_time,u1_0.user_name from users u1_0 where u1_0.user_name=?
Hibernate: select u1_0.id,u1_0.create_time,u1_0.email,u1_0.enabled,u1_0.first_name,u1_0.hashed_salted_password,u1_0.last_name,u1_0.phone_number,u1_0.role,u1_0.update_time,u1_0.user_name from users u1_0 where u1_0.user_name=?
Hibernate: select adt1_0.user_id,adt1_0.data_type from user_allowed_data_types adt1_0 where adt1_0.user_id=?
Hibernate: select u1_0.id,u1_0.create_time,u1_0.email,u1_0.enabled,u1_0.first_name,u1_0.hashed_salted_password,u1_0.last_name,u1_0.phone_number,u1_0.role,u1_0.update_time,u1_0.user_name from users u1_0 where u1_0.user_name=?
Hibernate: select u1_0.id,u1_0.create_time,u1_0.email,u1_0.enabled,u1_0.first_name,u1_0.hashed_salted_password,u1_0.last_name,u1_0.phone_number,u1_0.role,u1_0.update_time,u1_0.user_name from users u1_0 where u1_0.user_name=?
Hibernate: select adt1_0.user_id,adt1_0.data_type from user_allowed_data_types adt1_0 where adt1_0.user_id=?
Hibernate: select u1_0.id,u1_0.create_time,u1_0.email,u1_0.enabled,u1_0.first_name,u1_0.hashed_salted_password,u1_0.last_name,u1_0.phone_number,u1_0.role,u1_0.update_time,u1_0.user_name from users u1_0 where u1_0.user_name=?
Hibernate: select u1_0.id,u1_0.create_time,u1_0.email,u1_0.enabled,u1_0.first_name,u1_0.hashed_salted_password,u1_0.last_name,u1_0.phone_number,u1_0.role,u1_0.update_time,u1_0.user_name from users u1_0 where u1_0.user_name=?
Hibernate: select adt1_0.user_id,adt1_0.data_type from user_allowed_data_types adt1_0 where adt1_0.user_id=?
Hibernate: select u1_0.id,u1_0.create_time,u1_0.email,u1_0.enabled,u1_0.first_name,u1_0.hashed_salted_password,u1_0.last_name,u1_0.phone_number,u1_0.role,u1_0.update_time,u1_0.user_name from users u1_0 where u1_0.user_name=?
Hibernate: select adt1_0.user_id,adt1_0.data_type from user_allowed_data_types adt1_0 where adt1_0.user_id=?
Hibernate: select u1_0.id,u1_0.create_time,u1_0.email,u1_0.enabled,u1_0.first_name,u1_0.hashed_salted_password,u1_0.last_name,u1_0.phone_number,u1_0.role,u1_0.update_time,u1_0.user_name from users u1_0 where u1_0.user_name=?
Hibernate: select adt1_0.user_id,adt1_0.data_type from user_allowed_data_types adt1_0 where adt1_0.user_id=?
Hibernate: select u1_0.id,u1_0.create_time,u1_0.email,u1_0.enabled,u1_0.first_name,u1_0.hashed_salted_password,u1_0.last_name,u1_0.phone_number,u1_0.role,u1_0.update_time,u1_0.user_name from users u1_0 where u1_0.user_name=?
Hibernate: select adt1_0.user_id,adt1_0.data_type from user_allowed_data_types adt1_0 where adt1_0.user_id=?
Hibernate: select u1_0.id,u1_0.create_time,u1_0.email,u1_0.enabled,u1_0.first_name,u1_0.hashed_salted_password,u1_0.last_name,u1_0.phone_number,u1_0.role,u1_0.update_time,u1_0.user_name from users u1_0 where u1_0.user_name=?
Hibernate: select adt1_0.user_id,adt1_0.data_type from user_allowed_data_types adt1_0 where adt1_0.user_id=?
Hibernate: select u1_0.id,u1_0.create_time,u1_0.email,u1_0.enabled,u1_0.first_name,u1_0.hashed_salted_password,u1_0.last_name,u1_0.phone_number,u1_0.role,u1_0.update_time,u1_0.user_name from users u1_0 where u1_0.user_name=?
Hibernate: select adt1_0.user_id,adt1_0.data_type from user_allowed_data_types adt1_0 where adt1_0.user_id=?
Hibernate: select u1_0.id,u1_0.create_time,u1_0.email,u1_0.enabled,u1_0.first_name,u1_0.hashed_salted_password,u1_0.last_name,u1_0.phone_number,u1_0.role,u1_0.update_time,u1_0.user_name from users u1_0 where u1_0.user_name=?
Hibernate: select adt1_0.user_id,adt1_0.data_type from user_allowed_data_types adt1_0 where adt1_0.user_id=?
Hibernate: select u1_0.id,u1_0.create_time,u1_0.email,u1_0.enabled,u1_0.first_name,u1_0.hashed_salted_password,u1_0.last_name,u1_0.phone_number,u1_0.role,u1_0.update_time,u1_0.user_name from users u1_0 where u1_0.user_name=?
Hibernate: select adt1_0.user_id,adt1_0.data_type from user_allowed_data_types adt1_0 where adt1_0.user_id=?
Hibernate: select u1_0.id,u1_0.create_time,u1_0.email,u1_0.enabled,u1_0.first_name,u1_0.hashed_salted_password,u1_0.last_name,u1_0.phone_number,u1_0.role,u1_0.update_time,u1_0.user_name from users u1_0 where u1_0.user_name=?
Hibernate: select adt1_0.user_id,adt1_0.data_type from user_allowed_data_types adt1_0 where adt1_0.user_id=?
Hibernate: select u1_0.id,u1_0.create_time,u1_0.email,u1_0.enabled,u1_0.first_name,u1_0.hashed_salted_password,u1_0.last_name,u1_0.phone_number,u1_0.role,u1_0.update_time,u1_0.user_name from users u1_0 where u1_0.user_name=?
Hibernate: select adt1_0.user_id,adt1_0.data_type from user_allowed_data_types adt1_0 where adt1_0.user_id=?
Hibernate: select u1_0.id,adt1_0.user_id,adt1_0.data_type,u1_0.create_time,u1_0.email,u1_0.enabled,u1_0.first_name,u1_0.hashed_salted_password,u1_0.last_name,u1_0.phone_number,u1_0.role,u1_0.update_time,u1_0.user_name from users u1_0 left join user_allowed_data_types adt1_0 on u1_0.id=adt1_0.user_id where u1_0.id=?
Hibernate: update users set email=?,enabled=?,first_name=?,hashed_salted_password=?,last_name=?,phone_number=?,role=?,update_time=?,user_name=? where id=?
Hibernate: select u1_0.id,u1_0.create_time,u1_0.email,u1_0.enabled,u1_0.first_name,u1_0.hashed_salted_password,u1_0.last_name,u1_0.phone_number,u1_0.role,u1_0.update_time,u1_0.user_name from users u1_0 where u1_0.user_name=?
Hibernate: select adt1_0.user_id,adt1_0.data_type from user_allowed_data_types adt1_0 where adt1_0.user_id=?
Hibernate: select u1_0.id,u1_0.create_time,u1_0.email,u1_0.enabled,u1_0.first_name,u1_0.hashed_salted_password,u1_0.last_name,u1_0.phone_number,u1_0.role,u1_0.update_time,u1_0.user_name from users u1_0 where u1_0.user_name=?
Hibernate: select adt1_0.user_id,adt1_0.data_type from user_allowed_data_types adt1_0 where adt1_0.user_id=?
Hibernate: select u1_0.id,u1_0.create_time,u1_0.email,u1_0.enabled,u1_0.first_name,u1_0.hashed_salted_password,u1_0.last_name,u1_0.phone_number,u1_0.role,u1_0.update_time,u1_0.user_name from users u1_0 where u1_0.user_name=?
Hibernate: select adt1_0.user_id,adt1_0.data_type from user_allowed_data_types adt1_0 where adt1_0.user_id=?
Hibernate: select u1_0.id,u1_0.create_time,u1_0.email,u1_0.enabled,u1_0.first_name,u1_0.hashed_salted_password,u1_0.last_name,u1_0.phone_number,u1_0.role,u1_0.update_time,u1_0.user_name from users u1_0 where u1_0.user_name=?
Hibernate: select adt1_0.user_id,adt1_0.data_type from user_allowed_data_types adt1_0 where adt1_0.user_id=?
Hibernate: select u1_0.id,u1_0.create_time,u1_0.email,u1_0.enabled,u1_0.first_name,u1_0.hashed_salted_password,u1_0.last_name,u1_0.phone_number,u1_0.role,u1_0.update_time,u1_0.user_name from users u1_0 where u1_0.user_name=?
Hibernate: select adt1_0.user_id,adt1_0.data_type from user_allowed_data_types adt1_0 where adt1_0.user_id=?
Hibernate: select u1_0.id,u1_0.create_time,u1_0.email,u1_0.enabled,u1_0.first_name,u1_0.hashed_salted_password,u1_0.last_name,u1_0.phone_number,u1_0.role,u1_0.update_time,u1_0.user_name from users u1_0 where u1_0.user_name=?
Hibernate: select adt1_0.user_id,adt1_0.data_type from user_allowed_data_types adt1_0 where adt1_0.user_id=?
Hibernate: select u1_0.id,u1_0.create_time,u1_0.email,u1_0.enabled,u1_0.first_name,u1_0.hashed_salted_password,u1_0.last_name,u1_0.phone_number,u1_0.role,u1_0.update_time,u1_0.user_name from users u1_0 where u1_0.user_name=?
Hibernate: select adt1_0.user_id,adt1_0.data_type from user_allowed_data_types adt1_0 where adt1_0.user_id=?
Hibernate: select u1_0.id,u1_0.create_time,u1_0.email,u1_0.enabled,u1_0.first_name,u1_0.hashed_salted_password,u1_0.last_name,u1_0.phone_number,u1_0.role,u1_0.update_time,u1_0.user_name from users u1_0 where u1_0.user_name=?
Hibernate: select adt1_0.user_id,adt1_0.data_type from user_allowed_data_types adt1_0 where adt1_0.user_id=?
Hibernate: select u1_0.id,u1_0.create_time,u1_0.email,u1_0.enabled,u1_0.first_name,u1_0.hashed_salted_password,u1_0.last_name,u1_0.phone_number,u1_0.role,u1_0.update_time,u1_0.user_name from users u1_0 where u1_0.user_name=?
Hibernate: select adt1_0.user_id,adt1_0.data_type from user_allowed_data_types adt1_0 where adt1_0.user_id=?
Hibernate: select u1_0.id,u1_0.create_time,u1_0.email,u1_0.enabled,u1_0.first_name,u1_0.hashed_salted_password,u1_0.last_name,u1_0.phone_number,u1_0.role,u1_0.update_time,u1_0.user_name from users u1_0 where u1_0.user_name=?
Hibernate: select adt1_0.user_id,adt1_0.data_type from user_allowed_data_types adt1_0 where adt1_0.user_id=?
Hibernate: select u1_0.id,u1_0.create_time,u1_0.email,u1_0.enabled,u1_0.first_name,u1_0.hashed_salted_password,u1_0.last_name,u1_0.phone_number,u1_0.role,u1_0.update_time,u1_0.user_name from users u1_0 where u1_0.user_name=?
Hibernate: select u1_0.id,u1_0.create_time,u1_0.email,u1_0.enabled,u1_0.first_name,u1_0.hashed_salted_password,u1_0.last_name,u1_0.phone_number,u1_0.role,u1_0.update_time,u1_0.user_name from users u1_0 where u1_0.user_name=?
Hibernate: select adt1_0.user_id,adt1_0.data_type from user_allowed_data_types adt1_0 where adt1_0.user_id=?
Hibernate: select u1_0.id,u1_0.create_time,u1_0.email,u1_0.enabled,u1_0.first_name,u1_0.hashed_salted_password,u1_0.last_name,u1_0.phone_number,u1_0.role,u1_0.update_time,u1_0.user_name from users u1_0 where u1_0.user_name=?
Hibernate: select adt1_0.user_id,adt1_0.data_type from user_allowed_data_types adt1_0 where adt1_0.user_id=?
Hibernate: select u1_0.id,u1_0.create_time,u1_0.email,u1_0.enabled,u1_0.first_name,u1_0.hashed_salted_password,u1_0.last_name,u1_0.phone_number,u1_0.role,u1_0.update_time,u1_0.user_name from users u1_0 where u1_0.user_name=?
Hibernate: select adt1_0.user_id,adt1_0.data_type from user_allowed_data_types adt1_0 where adt1_0.user_id=?
Hibernate: select u1_0.id,u1_0.create_time,u1_0.email,u1_0.enabled,u1_0.first_name,u1_0.hashed_salted_password,u1_0.last_name,u1_0.phone_number,u1_0.role,u1_0.update_time,u1_0.user_name from users u1_0 where u1_0.user_name=?
Hibernate: select adt1_0.user_id,adt1_0.data_type from user_allowed_data_types adt1_0 where adt1_0.user_id=?
Hibernate: select u1_0.id,u1_0.create_time,u1_0.email,u1_0.enabled,u1_0.first_name,u1_0.hashed_salted_password,u1_0.last_name,u1_0.phone_number,u1_0.role,u1_0.update_time,u1_0.user_name from users u1_0 where u1_0.user_name=?
Hibernate: select adt1_0.user_id,adt1_0.data_type from user_allowed_data_types adt1_0 where adt1_0.user_id=?
Hibernate: select u1_0.id,u1_0.create_time,u1_0.email,u1_0.enabled,u1_0.first_name,u1_0.hashed_salted_password,u1_0.last_name,u1_0.phone_number,u1_0.role,u1_0.update_time,u1_0.user_name from users u1_0 where u1_0.user_name=?
Hibernate: select adt1_0.user_id,adt1_0.data_type from user_allowed_data_types adt1_0 where adt1_0.user_id=?
Hibernate: select u1_0.id,u1_0.create_time,u1_0.email,u1_0.enabled,u1_0.first_name,u1_0.hashed_salted_password,u1_0.last_name,u1_0.phone_number,u1_0.role,u1_0.update_time,u1_0.user_name from users u1_0 where u1_0.user_name=?
Hibernate: select adt1_0.user_id,adt1_0.data_type from user_allowed_data_types adt1_0 where adt1_0.user_id=?
Hibernate: select u1_0.id,u1_0.create_time,u1_0.email,u1_0.enabled,u1_0.first_name,u1_0.hashed_salted_password,u1_0.last_name,u1_0.phone_number,u1_0.role,u1_0.update_time,u1_0.user_name from users u1_0 where u1_0.user_name=?
Hibernate: select adt1_0.user_id,adt1_0.data_type from user_allowed_data_types adt1_0 where adt1_0.user_id=?
Hibernate: select u1_0.id,u1_0.create_time,u1_0.email,u1_0.enabled,u1_0.first_name,u1_0.hashed_salted_password,u1_0.last_name,u1_0.phone_number,u1_0.role,u1_0.update_time,u1_0.user_name from users u1_0 where u1_0.user_name=?
Hibernate: select adt1_0.user_id,adt1_0.data_type from user_allowed_data_types adt1_0 where adt1_0.user_id=?
Hibernate: select u1_0.id,u1_0.create_time,u1_0.email,u1_0.enabled,u1_0.first_name,u1_0.hashed_salted_password,u1_0.last_name,u1_0.phone_number,u1_0.role,u1_0.update_time,u1_0.user_name from users u1_0 where u1_0.user_name=?
Hibernate: select adt1_0.user_id,adt1_0.data_type from user_allowed_data_types adt1_0 where adt1_0.user_id=?
Hibernate: select u1_0.id,u1_0.create_time,u1_0.email,u1_0.enabled,u1_0.first_name,u1_0.hashed_salted_password,u1_0.last_name,u1_0.phone_number,u1_0.role,u1_0.update_time,u1_0.user_name from users u1_0 where u1_0.user_name=?
Hibernate: select adt1_0.user_id,adt1_0.data_type from user_allowed_data_types adt1_0 where adt1_0.user_id=?
Hibernate: select u1_0.id,u1_0.create_time,u1_0.email,u1_0.enabled,u1_0.first_name,u1_0.hashed_salted_password,u1_0.last_name,u1_0.phone_number,u1_0.role,u1_0.update_time,u1_0.user_name from users u1_0 where u1_0.user_name=?
Hibernate: select adt1_0.user_id,adt1_0.data_type from user_allowed_data_types adt1_0 where adt1_0.user_id=?
Hibernate: select u1_0.id,u1_0.create_time,u1_0.email,u1_0.enabled,u1_0.first_name,u1_0.hashed_salted_password,u1_0.last_name,u1_0.phone_number,u1_0.role,u1_0.update_time,u1_0.user_name from users u1_0 where u1_0.user_name=?
Hibernate: select adt1_0.user_id,adt1_0.data_type from user_allowed_data_types adt1_0 where adt1_0.user_id=?
Hibernate: select u1_0.id,u1_0.create_time,u1_0.email,u1_0.enabled,u1_0.first_name,u1_0.hashed_salted_password,u1_0.last_name,u1_0.phone_number,u1_0.role,u1_0.update_time,u1_0.user_name from users u1_0 where u1_0.user_name=?
Hibernate: select adt1_0.user_id,adt1_0.data_type from user_allowed_data_types adt1_0 where adt1_0.user_id=?
Hibernate: select u1_0.id,u1_0.create_time,u1_0.email,u1_0.enabled,u1_0.first_name,u1_0.hashed_salted_password,u1_0.last_name,u1_0.phone_number,u1_0.role,u1_0.update_time,u1_0.user_name from users u1_0 where u1_0.user_name=?
Hibernate: select adt1_0.user_id,adt1_0.data_type from user_allowed_data_types adt1_0 where adt1_0.user_id=?
Hibernate: select u1_0.id,u1_0.create_time,u1_0.email,u1_0.enabled,u1_0.first_name,u1_0.hashed_salted_password,u1_0.last_name,u1_0.phone_number,u1_0.role,u1_0.update_time,u1_0.user_name from users u1_0 where u1_0.user_name=?
Hibernate: select adt1_0.user_id,adt1_0.data_type from user_allowed_data_types adt1_0 where adt1_0.user_id=?
Hibernate: select u1_0.id,u1_0.create_time,u1_0.email,u1_0.enabled,u1_0.first_name,u1_0.hashed_salted_password,u1_0.last_name,u1_0.phone_number,u1_0.role,u1_0.update_time,u1_0.user_name from users u1_0 where u1_0.user_name=?
Hibernate: select adt1_0.user_id,adt1_0.data_type from user_allowed_data_types adt1_0 where adt1_0.user_id=?
Hibernate: select u1_0.id,u1_0.create_time,u1_0.email,u1_0.enabled,u1_0.first_name,u1_0.hashed_salted_password,u1_0.last_name,u1_0.phone_number,u1_0.role,u1_0.update_time,u1_0.user_name from users u1_0 where u1_0.user_name=?
Hibernate: select adt1_0.user_id,adt1_0.data_type from user_allowed_data_types adt1_0 where adt1_0.user_id=?
Hibernate: select u1_0.id,u1_0.create_time,u1_0.email,u1_0.enabled,u1_0.first_name,u1_0.hashed_salted_password,u1_0.last_name,u1_0.phone_number,u1_0.role,u1_0.update_time,u1_0.user_name from users u1_0 where u1_0.user_name=?
Hibernate: select adt1_0.user_id,adt1_0.data_type from user_allowed_data_types adt1_0 where adt1_0.user_id=?
Hibernate: select u1_0.id,u1_0.create_time,u1_0.email,u1_0.enabled,u1_0.first_name,u1_0.hashed_salted_password,u1_0.last_name,u1_0.phone_number,u1_0.role,u1_0.update_time,u1_0.user_name from users u1_0 where u1_0.user_name=?
Hibernate: select adt1_0.user_id,adt1_0.data_type from user_allowed_data_types adt1_0 where adt1_0.user_id=?
Hibernate: select u1_0.id,u1_0.create_time,u1_0.email,u1_0.enabled,u1_0.first_name,u1_0.hashed_salted_password,u1_0.last_name,u1_0.phone_number,u1_0.role,u1_0.update_time,u1_0.user_name from users u1_0 where u1_0.user_name=?
Hibernate: select adt1_0.user_id,adt1_0.data_type from user_allowed_data_types adt1_0 where adt1_0.user_id=?
Hibernate: select u1_0.id,u1_0.create_time,u1_0.email,u1_0.enabled,u1_0.first_name,u1_0.hashed_salted_password,u1_0.last_name,u1_0.phone_number,u1_0.role,u1_0.update_time,u1_0.user_name from users u1_0 where u1_0.user_name=?
Hibernate: select u1_0.id,u1_0.create_time,u1_0.email,u1_0.enabled,u1_0.first_name,u1_0.hashed_salted_password,u1_0.last_name,u1_0.phone_number,u1_0.role,u1_0.update_time,u1_0.user_name from users u1_0 where u1_0.user_name=?
Hibernate: select adt1_0.user_id,adt1_0.data_type from user_allowed_data_types adt1_0 where adt1_0.user_id=?
Hibernate: select u1_0.id,u1_0.create_time,u1_0.email,u1_0.enabled,u1_0.first_name,u1_0.hashed_salted_password,u1_0.last_name,u1_0.phone_number,u1_0.role,u1_0.update_time,u1_0.user_name from users u1_0 where u1_0.user_name=?
Hibernate: select adt1_0.user_id,adt1_0.data_type from user_allowed_data_types adt1_0 where adt1_0.user_id=?
Hibernate: select u1_0.id,u1_0.create_time,u1_0.email,u1_0.enabled,u1_0.first_name,u1_0.hashed_salted_password,u1_0.last_name,u1_0.phone_number,u1_0.role,u1_0.update_time,u1_0.user_name from users u1_0 where u1_0.user_name=?
Hibernate: select adt1_0.user_id,adt1_0.data_type from user_allowed_data_types adt1_0 where adt1_0.user_id=?
Hibernate: select u1_0.id,u1_0.create_time,u1_0.email,u1_0.enabled,u1_0.first_name,u1_0.hashed_salted_password,u1_0.last_name,u1_0.phone_number,u1_0.role,u1_0.update_time,u1_0.user_name from users u1_0 where u1_0.user_name=?
Hibernate: select adt1_0.user_id,adt1_0.data_type from user_allowed_data_types adt1_0 where adt1_0.user_id=?
Hibernate: select u1_0.id,u1_0.create_time,u1_0.email,u1_0.enabled,u1_0.first_name,u1_0.hashed_salted_password,u1_0.last_name,u1_0.phone_number,u1_0.role,u1_0.update_time,u1_0.user_name from users u1_0 where u1_0.user_name=?
Hibernate: select adt1_0.user_id,adt1_0.data_type from user_allowed_data_types adt1_0 where adt1_0.user_id=?
Hibernate: select u1_0.id,u1_0.create_time,u1_0.email,u1_0.enabled,u1_0.first_name,u1_0.hashed_salted_password,u1_0.last_name,u1_0.phone_number,u1_0.role,u1_0.update_time,u1_0.user_name from users u1_0 where u1_0.user_name=?
Hibernate: select adt1_0.user_id,adt1_0.data_type from user_allowed_data_types adt1_0 where adt1_0.user_id=?
Hibernate: select u1_0.id,u1_0.create_time,u1_0.email,u1_0.enabled,u1_0.first_name,u1_0.hashed_salted_password,u1_0.last_name,u1_0.phone_number,u1_0.role,u1_0.update_time,u1_0.user_name from users u1_0 where u1_0.user_name=?
Hibernate: select adt1_0.user_id,adt1_0.data_type from user_allowed_data_types adt1_0 where adt1_0.user_id=?
Hibernate: select u1_0.id,u1_0.create_time,u1_0.email,u1_0.enabled,u1_0.first_name,u1_0.hashed_salted_password,u1_0.last_name,u1_0.phone_number,u1_0.role,u1_0.update_time,u1_0.user_name from users u1_0 where u1_0.user_name=?
Hibernate: select adt1_0.user_id,adt1_0.data_type from user_allowed_data_types adt1_0 where adt1_0.user_id=?
Hibernate: select u1_0.id,u1_0.create_time,u1_0.email,u1_0.enabled,u1_0.first_name,u1_0.hashed_salted_password,u1_0.last_name,u1_0.phone_number,u1_0.role,u1_0.update_time,u1_0.user_name from users u1_0 where u1_0.user_name=?
Hibernate: select adt1_0.user_id,adt1_0.data_type from user_allowed_data_types adt1_0 where adt1_0.user_id=?
Hibernate: select u1_0.id,u1_0.create_time,u1_0.email,u1_0.enabled,u1_0.first_name,u1_0.hashed_salted_password,u1_0.last_name,u1_0.phone_number,u1_0.role,u1_0.update_time,u1_0.user_name from users u1_0 where u1_0.user_name=?
Hibernate: select u1_0.id,u1_0.create_time,u1_0.email,u1_0.enabled,u1_0.first_name,u1_0.hashed_salted_password,u1_0.last_name,u1_0.phone_number,u1_0.role,u1_0.update_time,u1_0.user_name from users u1_0 where u1_0.user_name=?
Hibernate: select adt1_0.user_id,adt1_0.data_type from user_allowed_data_types adt1_0 where adt1_0.user_id=?
Hibernate: select u1_0.id,u1_0.create_time,u1_0.email,u1_0.enabled,u1_0.first_name,u1_0.hashed_salted_password,u1_0.last_name,u1_0.phone_number,u1_0.role,u1_0.update_time,u1_0.user_name from users u1_0 where u1_0.user_name=?
Hibernate: select adt1_0.user_id,adt1_0.data_type from user_allowed_data_types adt1_0 where adt1_0.user_id=?
Hibernate: select u1_0.id,u1_0.create_time,u1_0.email,u1_0.enabled,u1_0.first_name,u1_0.hashed_salted_password,u1_0.last_name,u1_0.phone_number,u1_0.role,u1_0.update_time,u1_0.user_name from users u1_0 where u1_0.user_name=?
Hibernate: select adt1_0.user_id,adt1_0.data_type from user_allowed_data_types adt1_0 where adt1_0.user_id=?
Hibernate: select u1_0.id,u1_0.create_time,u1_0.email,u1_0.enabled,u1_0.first_name,u1_0.hashed_salted_password,u1_0.last_name,u1_0.phone_number,u1_0.role,u1_0.update_time,u1_0.user_name from users u1_0 where u1_0.user_name=?
Hibernate: select adt1_0.user_id,adt1_0.data_type from user_allowed_data_types adt1_0 where adt1_0.user_id=?
Hibernate: select u1_0.id,u1_0.create_time,u1_0.email,u1_0.enabled,u1_0.first_name,u1_0.hashed_salted_password,u1_0.last_name,u1_0.phone_number,u1_0.role,u1_0.update_time,u1_0.user_name from users u1_0 where u1_0.user_name=?
Hibernate: select adt1_0.user_id,adt1_0.data_type from user_allowed_data_types adt1_0 where adt1_0.user_id=?
Hibernate: select u1_0.id,u1_0.create_time,u1_0.email,u1_0.enabled,u1_0.first_name,u1_0.hashed_salted_password,u1_0.last_name,u1_0.phone_number,u1_0.role,u1_0.update_time,u1_0.user_name from users u1_0 where u1_0.user_name=?
Hibernate: select adt1_0.user_id,adt1_0.data_type from user_allowed_data_types adt1_0 where adt1_0.user_id=?
Hibernate: select u1_0.id,u1_0.create_time,u1_0.email,u1_0.enabled,u1_0.first_name,u1_0.hashed_salted_password,u1_0.last_name,u1_0.phone_number,u1_0.role,u1_0.update_time,u1_0.user_name from users u1_0 where u1_0.user_name=?
Hibernate: select adt1_0.user_id,adt1_0.data_type from user_allowed_data_types adt1_0 where adt1_0.user_id=?
Hibernate: select u1_0.id,u1_0.create_time,u1_0.email,u1_0.enabled,u1_0.first_name,u1_0.hashed_salted_password,u1_0.last_name,u1_0.phone_number,u1_0.role,u1_0.update_time,u1_0.user_name from users u1_0 where u1_0.user_name=?
Hibernate: select adt1_0.user_id,adt1_0.data_type from user_allowed_data_types adt1_0 where adt1_0.user_id=?
Hibernate: select u1_0.id,u1_0.create_time,u1_0.email,u1_0.enabled,u1_0.first_name,u1_0.hashed_salted_password,u1_0.last_name,u1_0.phone_number,u1_0.role,u1_0.update_time,u1_0.user_name from users u1_0 where u1_0.user_name=?
Hibernate: select adt1_0.user_id,adt1_0.data_type from user_allowed_data_types adt1_0 where adt1_0.user_id=?
Hibernate: select u1_0.id,u1_0.create_time,u1_0.email,u1_0.enabled,u1_0.first_name,u1_0.hashed_salted_password,u1_0.last_name,u1_0.phone_number,u1_0.role,u1_0.update_time,u1_0.user_name from users u1_0 where u1_0.user_name=?
Hibernate: select adt1_0.user_id,adt1_0.data_type from user_allowed_data_types adt1_0 where adt1_0.user_id=?
Hibernate: select u1_0.id,u1_0.create_time,u1_0.email,u1_0.enabled,u1_0.first_name,u1_0.hashed_salted_password,u1_0.last_name,u1_0.phone_number,u1_0.role,u1_0.update_time,u1_0.user_name from users u1_0 where u1_0.user_name=?
Hibernate: select u1_0.id,u1_0.create_time,u1_0.email,u1_0.enabled,u1_0.first_name,u1_0.hashed_salted_password,u1_0.last_name,u1_0.phone_number,u1_0.role,u1_0.update_time,u1_0.user_name from users u1_0 where u1_0.user_name=?
Hibernate: select adt1_0.user_id,adt1_0.data_type from user_allowed_data_types adt1_0 where adt1_0.user_id=?
Hibernate: select u1_0.id,u1_0.create_time,u1_0.email,u1_0.enabled,u1_0.first_name,u1_0.hashed_salted_password,u1_0.last_name,u1_0.phone_number,u1_0.role,u1_0.update_time,u1_0.user_name from users u1_0 where u1_0.user_name=?
Hibernate: select adt1_0.user_id,adt1_0.data_type from user_allowed_data_types adt1_0 where adt1_0.user_id=?
Hibernate: select u1_0.id,u1_0.create_time,u1_0.email,u1_0.enabled,u1_0.first_name,u1_0.hashed_salted_password,u1_0.last_name,u1_0.phone_number,u1_0.role,u1_0.update_time,u1_0.user_name from users u1_0 where u1_0.user_name=?
Hibernate: select adt1_0.user_id,adt1_0.data_type from user_allowed_data_types adt1_0 where adt1_0.user_id=?
Hibernate: select u1_0.id,u1_0.create_time,u1_0.email,u1_0.enabled,u1_0.first_name,u1_0.hashed_salted_password,u1_0.last_name,u1_0.phone_number,u1_0.role,u1_0.update_time,u1_0.user_name from users u1_0 where u1_0.user_name=?
Hibernate: select adt1_0.user_id,adt1_0.data_type from user_allowed_data_types adt1_0 where adt1_0.user_id=?
Hibernate: select u1_0.id,u1_0.create_time,u1_0.email,u1_0.enabled,u1_0.first_name,u1_0.hashed_salted_password,u1_0.last_name,u1_0.phone_number,u1_0.role,u1_0.update_time,u1_0.user_name from users u1_0 where u1_0.user_name=?
Hibernate: select adt1_0.user_id,adt1_0.data_type from user_allowed_data_types adt1_0 where adt1_0.user_id=?
Hibernate: select u1_0.id,u1_0.create_time,u1_0.email,u1_0.enabled,u1_0.first_name,u1_0.hashed_salted_password,u1_0.last_name,u1_0.phone_number,u1_0.role,u1_0.update_time,u1_0.user_name from users u1_0 where u1_0.user_name=?
Hibernate: select adt1_0.user_id,adt1_0.data_type from user_allowed_data_types adt1_0 where adt1_0.user_id=?
Hibernate: select u1_0.id,u1_0.create_time,u1_0.email,u1_0.enabled,u1_0.first_name,u1_0.hashed_salted_password,u1_0.last_name,u1_0.phone_number,u1_0.role,u1_0.update_time,u1_0.user_name from users u1_0 where u1_0.user_name=?
Hibernate: select adt1_0.user_id,adt1_0.data_type from user_allowed_data_types adt1_0 where adt1_0.user_id=?
Hibernate: select u1_0.id,u1_0.create_time,u1_0.email,u1_0.enabled,u1_0.first_name,u1_0.hashed_salted_password,u1_0.last_name,u1_0.phone_number,u1_0.role,u1_0.update_time,u1_0.user_name from users u1_0 where u1_0.user_name=?
Hibernate: select adt1_0.user_id,adt1_0.data_type from user_allowed_data_types adt1_0 where adt1_0.user_id=?
Hibernate: select u1_0.id,u1_0.create_time,u1_0.email,u1_0.enabled,u1_0.first_name,u1_0.hashed_salted_password,u1_0.last_name,u1_0.phone_number,u1_0.role,u1_0.update_time,u1_0.user_name from users u1_0 where u1_0.user_name=?
Hibernate: select adt1_0.user_id,adt1_0.data_type from user_allowed_data_types adt1_0 where adt1_0.user_id=?
Hibernate: select u1_0.id,u1_0.create_time,u1_0.email,u1_0.enabled,u1_0.first_name,u1_0.hashed_salted_password,u1_0.last_name,u1_0.phone_number,u1_0.role,u1_0.update_time,u1_0.user_name from users u1_0 where u1_0.user_name=?
Hibernate: select adt1_0.user_id,adt1_0.data_type from user_allowed_data_types adt1_0 where adt1_0.user_id=?
Hibernate: select u1_0.id,u1_0.create_time,u1_0.email,u1_0.enabled,u1_0.first_name,u1_0.hashed_salted_password,u1_0.last_name,u1_0.phone_number,u1_0.role,u1_0.update_time,u1_0.user_name from users u1_0 where u1_0.user_name=?
Hibernate: select adt1_0.user_id,adt1_0.data_type from user_allowed_data_types adt1_0 where adt1_0.user_id=?
Hibernate: select u1_0.id,u1_0.create_time,u1_0.email,u1_0.enabled,u1_0.first_name,u1_0.hashed_salted_password,u1_0.last_name,u1_0.phone_number,u1_0.role,u1_0.update_time,u1_0.user_name from users u1_0 where u1_0.user_name=?
Hibernate: select adt1_0.user_id,adt1_0.data_type from user_allowed_data_types adt1_0 where adt1_0.user_id=?
Hibernate: select u1_0.id,u1_0.create_time,u1_0.email,u1_0.enabled,u1_0.first_name,u1_0.hashed_salted_password,u1_0.last_name,u1_0.phone_number,u1_0.role,u1_0.update_time,u1_0.user_name from users u1_0 where u1_0.user_name=?
Hibernate: select adt1_0.user_id,adt1_0.data_type from user_allowed_data_types adt1_0 where adt1_0.user_id=?
Hibernate: select u1_0.id,u1_0.create_time,u1_0.email,u1_0.enabled,u1_0.first_name,u1_0.hashed_salted_password,u1_0.last_name,u1_0.phone_number,u1_0.role,u1_0.update_time,u1_0.user_name from users u1_0 where u1_0.user_name=?
Hibernate: select adt1_0.user_id,adt1_0.data_type from user_allowed_data_types adt1_0 where adt1_0.user_id=?
Hibernate: select u1_0.id,u1_0.create_time,u1_0.email,u1_0.enabled,u1_0.first_name,u1_0.hashed_salted_password,u1_0.last_name,u1_0.phone_number,u1_0.role,u1_0.update_time,u1_0.user_name from users u1_0 where u1_0.user_name=?
Hibernate: select adt1_0.user_id,adt1_0.data_type from user_allowed_data_types adt1_0 where adt1_0.user_id=?
Hibernate: select u1_0.id,u1_0.create_time,u1_0.email,u1_0.enabled,u1_0.first_name,u1_0.hashed_salted_password,u1_0.last_name,u1_0.phone_number,u1_0.role,u1_0.update_time,u1_0.user_name from users u1_0 where u1_0.user_name=?
Hibernate: select adt1_0.user_id,adt1_0.data_type from user_allowed_data_types adt1_0 where adt1_0.user_id=?
Hibernate: select u1_0.id,u1_0.create_time,u1_0.email,u1_0.enabled,u1_0.first_name,u1_0.hashed_salted_password,u1_0.last_name,u1_0.phone_number,u1_0.role,u1_0.update_time,u1_0.user_name from users u1_0 where u1_0.user_name=?
Hibernate: select adt1_0.user_id,adt1_0.data_type from user_allowed_data_types adt1_0 where adt1_0.user_id=?
Hibernate: select u1_0.id,u1_0.create_time,u1_0.email,u1_0.enabled,u1_0.first_name,u1_0.hashed_salted_password,u1_0.last_name,u1_0.phone_number,u1_0.role,u1_0.update_time,u1_0.user_name from users u1_0 where u1_0.user_name=?
Hibernate: select adt1_0.user_id,adt1_0.data_type from user_allowed_data_types adt1_0 where adt1_0.user_id=?
Hibernate: select u1_0.id,u1_0.create_time,u1_0.email,u1_0.enabled,u1_0.first_name,u1_0.hashed_salted_password,u1_0.last_name,u1_0.phone_number,u1_0.role,u1_0.update_time,u1_0.user_name from users u1_0 where u1_0.user_name=?
Hibernate: select u1_0.id,u1_0.create_time,u1_0.email,u1_0.enabled,u1_0.first_name,u1_0.hashed_salted_password,u1_0.last_name,u1_0.phone_number,u1_0.role,u1_0.update_time,u1_0.user_name from users u1_0 where u1_0.user_name=?
Hibernate: select adt1_0.user_id,adt1_0.data_type from user_allowed_data_types adt1_0 where adt1_0.user_id=?
Hibernate: select adt1_0.user_id,adt1_0.data_type from user_allowed_data_types adt1_0 where adt1_0.user_id=?
Hibernate: select u1_0.id,u1_0.create_time,u1_0.email,u1_0.enabled,u1_0.first_name,u1_0.hashed_salted_password,u1_0.last_name,u1_0.phone_number,u1_0.role,u1_0.update_time,u1_0.user_name from users u1_0 where u1_0.user_name=?
Hibernate: select u1_0.id,u1_0.create_time,u1_0.email,u1_0.enabled,u1_0.first_name,u1_0.hashed_salted_password,u1_0.last_name,u1_0.phone_number,u1_0.role,u1_0.update_time,u1_0.user_name from users u1_0 where u1_0.user_name=?
Hibernate: select adt1_0.user_id,adt1_0.data_type from user_allowed_data_types adt1_0 where adt1_0.user_id=?
Hibernate: select adt1_0.user_id,adt1_0.data_type from user_allowed_data_types adt1_0 where adt1_0.user_id=?
Hibernate: select u1_0.id,u1_0.create_time,u1_0.email,u1_0.enabled,u1_0.first_name,u1_0.hashed_salted_password,u1_0.last_name,u1_0.phone_number,u1_0.role,u1_0.update_time,u1_0.user_name from users u1_0 where u1_0.user_name=?
Hibernate: select adt1_0.user_id,adt1_0.data_type from user_allowed_data_types adt1_0 where adt1_0.user_id=?
Hibernate: select u1_0.id,u1_0.create_time,u1_0.email,u1_0.enabled,u1_0.first_name,u1_0.hashed_salted_password,u1_0.last_name,u1_0.phone_number,u1_0.role,u1_0.update_time,u1_0.user_name from users u1_0 where u1_0.user_name=?
Hibernate: select u1_0.id,u1_0.create_time,u1_0.email,u1_0.enabled,u1_0.first_name,u1_0.hashed_salted_password,u1_0.last_name,u1_0.phone_number,u1_0.role,u1_0.update_time,u1_0.user_name from users u1_0 where u1_0.user_name=?
Hibernate: select adt1_0.user_id,adt1_0.data_type from user_allowed_data_types adt1_0 where adt1_0.user_id=?
Hibernate: select adt1_0.user_id,adt1_0.data_type from user_allowed_data_types adt1_0 where adt1_0.user_id=?
Hibernate: select u1_0.id,u1_0.create_time,u1_0.email,u1_0.enabled,u1_0.first_name,u1_0.hashed_salted_password,u1_0.last_name,u1_0.phone_number,u1_0.role,u1_0.update_time,u1_0.user_name from users u1_0 where u1_0.user_name=?
Hibernate: select adt1_0.user_id,adt1_0.data_type from user_allowed_data_types adt1_0 where adt1_0.user_id=?
Hibernate: select u1_0.id,u1_0.create_time,u1_0.email,u1_0.enabled,u1_0.first_name,u1_0.hashed_salted_password,u1_0.last_name,u1_0.phone_number,u1_0.role,u1_0.update_time,u1_0.user_name from users u1_0 where u1_0.user_name=?
Hibernate: select adt1_0.user_id,adt1_0.data_type from user_allowed_data_types adt1_0 where adt1_0.user_id=?
Hibernate: select u1_0.id,u1_0.create_time,u1_0.email,u1_0.enabled,u1_0.first_name,u1_0.hashed_salted_password,u1_0.last_name,u1_0.phone_number,u1_0.role,u1_0.update_time,u1_0.user_name from users u1_0 where u1_0.user_name=?
Hibernate: select u1_0.id,u1_0.create_time,u1_0.email,u1_0.enabled,u1_0.first_name,u1_0.hashed_salted_password,u1_0.last_name,u1_0.phone_number,u1_0.role,u1_0.update_time,u1_0.user_name from users u1_0 where u1_0.user_name=?
Hibernate: select adt1_0.user_id,adt1_0.data_type from user_allowed_data_types adt1_0 where adt1_0.user_id=?
Hibernate: select u1_0.id,u1_0.create_time,u1_0.email,u1_0.enabled,u1_0.first_name,u1_0.hashed_salted_password,u1_0.last_name,u1_0.phone_number,u1_0.role,u1_0.update_time,u1_0.user_name from users u1_0 where u1_0.user_name=?
Hibernate: select adt1_0.user_id,adt1_0.data_type from user_allowed_data_types adt1_0 where adt1_0.user_id=?
Hibernate: select u1_0.id,u1_0.create_time,u1_0.email,u1_0.enabled,u1_0.first_name,u1_0.hashed_salted_password,u1_0.last_name,u1_0.phone_number,u1_0.role,u1_0.update_time,u1_0.user_name from users u1_0 where u1_0.user_name=?
Hibernate: select adt1_0.user_id,adt1_0.data_type from user_allowed_data_types adt1_0 where adt1_0.user_id=?
Hibernate: select u1_0.id,u1_0.create_time,u1_0.email,u1_0.enabled,u1_0.first_name,u1_0.hashed_salted_password,u1_0.last_name,u1_0.phone_number,u1_0.role,u1_0.update_time,u1_0.user_name from users u1_0 where u1_0.user_name=?
Hibernate: select adt1_0.user_id,adt1_0.data_type from user_allowed_data_types adt1_0 where adt1_0.user_id=?
Hibernate: select u1_0.id,u1_0.create_time,u1_0.email,u1_0.enabled,u1_0.first_name,u1_0.hashed_salted_password,u1_0.last_name,u1_0.phone_number,u1_0.role,u1_0.update_time,u1_0.user_name from users u1_0 where u1_0.user_name=?
Hibernate: select adt1_0.user_id,adt1_0.data_type from user_allowed_data_types adt1_0 where adt1_0.user_id=?
